main: Initializing TPM at Tue Aug  2 00:38:17 2016
main: Compiled for latest revision specLevel 0002 errataRev 03
main: Compiled svn version 4662 revMajor 12 revMinor 36
main: Compiled as standard TPM
main: Compiled for single instance
main: Compiled for PC Client
Main: Compiled for 3 auth 3 transport 1 DAA session slots
Main: Compiled for 3 key slots, 1 owner evict slots
Main: Compiled for 4 counters, 16 saved sessions
Main: Compiled for 8 family, 2 delegate table entries
Main: Compiled for 100000 total NV, 100000 savestate, 524288 volatile space
Main: Compiled for 2100 NV defined space
TPM_MainInit: Initialize the TPM to host interface
 TPM_IO_Init:
 TPM_IO_ServerSocket_Open: Port 6543
TPM_IO_Init: Waiting for connections on 6543
TPM_MainInit: Initialize the TPM crypto support
TPM_Crypto_Init: OpenSSL library 1000106f
TPM_MainInit: Initialize the TPM NVRAM
 TPM_NVRAM_Init:
TPM_NVRAM_Init: Rooted state path /opt/tcg/swTPM/tpmdata/6543
TPM_MainInit: Run common limited self tests
 TPM_LimitedSelfTestCommon:
  TPM_Uint64_Test
 TPM_Uint64_Store:
  TPM_Uint64_ConvertFrom: sec 12345678, usec 781234
   TPM_Uint64_ConvertFrom: Result usec 12345678781234, b3a73cc5b32
   TPM_Uint64_ConvertFrom: Upper 2874, b3a
   TPM_Uint64_ConvertFrom: Lower 1942772530, 73cc5b32
   TPM_Sbuffer_Append: data_length 4, growing from 0 to 1024
 TPM_Uint64_Load:
   TPM_Uint64_ConvertTo: Upper 2874, b3a
   TPM_Uint64_ConvertTo: Lower 1942772530, 73cc5b32
   TPM_Uint64_ConvertTo: Result usec 12345678781234, b3a73cc5b32
  TPM_Uint64_ConvertTo: sec 12345678, usec 781234
 TPM_CryptoTest:
 TPM_CryptoTest: Test 1 - SHA1 one part
 TPM_SHA1:
 TPM_SHA1_valist:
 TPM_SHA1InitCmd:
  TPM_SHA1_valist: Digesting 56 bytes
 TPM_SHA1Update: length 56
 TPM_SHA1FinalCmd:
  TPM_SHA1_valist: Digest 84 98 3e 44
 TPM_SHA1Delete:
 TPM_CryptoTest: Test 2 - SHA1 two parts
 TPM_SHA1:
 TPM_SHA1_valist:
 TPM_SHA1InitCmd:
  TPM_SHA1_valist: Digesting 16 bytes
 TPM_SHA1Update: length 16
  TPM_SHA1_valist: Digesting 40 bytes
 TPM_SHA1Update: length 40
 TPM_SHA1FinalCmd:
  TPM_SHA1_valist: Digest 84 98 3e 44
 TPM_SHA1Delete:
 TPM_CryptoTest: Test 3 - HMAC generate - one part
 TPM_HMAC_Generate:
 TPM_HMAC_Generatevalist:
 TPM_SHA1_valist:
 TPM_SHA1InitCmd:
  TPM_SHA1_valist: Digesting 64 bytes
 TPM_SHA1Update: length 64
  TPM_SHA1_valist: Digesting 50 bytes
 TPM_SHA1Update: length 50
 TPM_SHA1FinalCmd:
  TPM_SHA1_valist: Digest 70 2b d1 2f
 TPM_SHA1Delete:
 TPM_SHA1:
 TPM_SHA1_valist:
 TPM_SHA1InitCmd:
  TPM_SHA1_valist: Digesting 64 bytes
 TPM_SHA1Update: length 64
  TPM_SHA1_valist: Digesting 20 bytes
 TPM_SHA1Update: length 20
 TPM_SHA1FinalCmd:
  TPM_SHA1_valist: Digest 12 5d 73 42
 TPM_SHA1Delete:
 TPM_HMAC_Generatevalist: HMAC 12 5d 73 42
 TPM_CryptoTest: Test 4 - HMAC generate - two parts
 TPM_HMAC_Generate:
 TPM_HMAC_Generatevalist:
 TPM_SHA1_valist:
 TPM_SHA1InitCmd:
  TPM_SHA1_valist: Digesting 64 bytes
 TPM_SHA1Update: length 64
  TPM_SHA1_valist: Digesting 20 bytes
 TPM_SHA1Update: length 20
  TPM_SHA1_valist: Digesting 30 bytes
 TPM_SHA1Update: length 30
 TPM_SHA1FinalCmd:
  TPM_SHA1_valist: Digest 70 2b d1 2f
 TPM_SHA1Delete:
 TPM_SHA1:
 TPM_SHA1_valist:
 TPM_SHA1InitCmd:
  TPM_SHA1_valist: Digesting 64 bytes
 TPM_SHA1Update: length 64
  TPM_SHA1_valist: Digesting 20 bytes
 TPM_SHA1Update: length 20
 TPM_SHA1FinalCmd:
  TPM_SHA1_valist: Digest 12 5d 73 42
 TPM_SHA1Delete:
 TPM_HMAC_Generatevalist: HMAC 12 5d 73 42
 TPM_CryptoTest: Test 4 - HMAC check - two parts
 TPM_HMAC_Check:
 TPM_HMAC_Generatevalist:
 TPM_SHA1_valist:
 TPM_SHA1InitCmd:
  TPM_SHA1_valist: Digesting 64 bytes
 TPM_SHA1Update: length 64
  TPM_SHA1_valist: Digesting 20 bytes
 TPM_SHA1Update: length 20
  TPM_SHA1_valist: Digesting 30 bytes
 TPM_SHA1Update: length 30
 TPM_SHA1FinalCmd:
  TPM_SHA1_valist: Digest 70 2b d1 2f
 TPM_SHA1Delete:
 TPM_SHA1:
 TPM_SHA1_valist:
 TPM_SHA1InitCmd:
  TPM_SHA1_valist: Digesting 64 bytes
 TPM_SHA1Update: length 64
  TPM_SHA1_valist: Digesting 20 bytes
 TPM_SHA1Update: length 20
 TPM_SHA1FinalCmd:
  TPM_SHA1_valist: Digest 12 5d 73 42
 TPM_SHA1Delete:
 TPM_HMAC_Generatevalist: HMAC 12 5d 73 42
  TPM_HMAC_Check: Calculated 12 5d 73 42
  TPM_HMAC_Check: Received   12 5d 73 42
 TPM_CryptoTest: Test 5 - OAEP add and check
 TPM_SHA1:
 TPM_SHA1_valist:
 TPM_SHA1InitCmd:
  TPM_SHA1_valist: Digesting 4 bytes
 TPM_SHA1Update: length 4
 TPM_SHA1FinalCmd:
  TPM_SHA1_valist: Digest f7 7d 67 a7
 TPM_SHA1Delete:
 TPM_RSA_padding_add_PKCS1_OAEP: fLen 8 emLen 256
  TPM_RSA_padding_add_PKCS1_OAEP: from 00 01 02 03
  TPM_RSA_padding_add_PKCS1_OAEP: pHash f7 7d 67 a7
  TPM_RSA_padding_add_PKCS1_OAEP: seed f0 f1 f2 f3
 TPM_MGF1: Output length 236
 TPM_SHA1:
 TPM_SHA1_valist:
 TPM_SHA1InitCmd:
  TPM_SHA1_valist: Digesting 20 bytes
 TPM_SHA1Update: length 20
  TPM_SHA1_valist: Digesting 4 bytes
 TPM_SHA1Update: length 4
 TPM_SHA1FinalCmd:
  TPM_SHA1_valist: Digest f6 ef c5 48
 TPM_SHA1Delete:
 TPM_SHA1:
 TPM_SHA1_valist:
 TPM_SHA1InitCmd:
  TPM_SHA1_valist: Digesting 20 bytes
 TPM_SHA1Update: length 20
  TPM_SHA1_valist: Digesting 4 bytes
 TPM_SHA1Update: length 4
 TPM_SHA1FinalCmd:
  TPM_SHA1_valist: Digest af 40 8c 64
 TPM_SHA1Delete:
 TPM_SHA1:
 TPM_SHA1_valist:
 TPM_SHA1InitCmd:
  TPM_SHA1_valist: Digesting 20 bytes
 TPM_SHA1Update: length 20
  TPM_SHA1_valist: Digesting 4 bytes
 TPM_SHA1Update: length 4
 TPM_SHA1FinalCmd:
  TPM_SHA1_valist: Digest 40 bc 94 e1
 TPM_SHA1Delete:
 TPM_SHA1:
 TPM_SHA1_valist:
 TPM_SHA1InitCmd:
  TPM_SHA1_valist: Digesting 20 bytes
 TPM_SHA1Update: length 20
  TPM_SHA1_valist: Digesting 4 bytes
 TPM_SHA1Update: length 4
 TPM_SHA1FinalCmd:
  TPM_SHA1_valist: Digest b2 15 7d 75
 TPM_SHA1Delete:
 TPM_SHA1:
 TPM_SHA1_valist:
 TPM_SHA1InitCmd:
  TPM_SHA1_valist: Digesting 20 bytes
 TPM_SHA1Update: length 20
  TPM_SHA1_valist: Digesting 4 bytes
 TPM_SHA1Update: length 4
 TPM_SHA1FinalCmd:
  TPM_SHA1_valist: Digest a5 5c ac d9
 TPM_SHA1Delete:
 TPM_SHA1:
 TPM_SHA1_valist:
 TPM_SHA1InitCmd:
  TPM_SHA1_valist: Digesting 20 bytes
 TPM_SHA1Update: length 20
  TPM_SHA1_valist: Digesting 4 bytes
 TPM_SHA1Update: length 4
 TPM_SHA1FinalCmd:
  TPM_SHA1_valist: Digest e6 b7 dc 5e
 TPM_SHA1Delete:
 TPM_SHA1:
 TPM_SHA1_valist:
 TPM_SHA1InitCmd:
  TPM_SHA1_valist: Digesting 20 bytes
 TPM_SHA1Update: length 20
  TPM_SHA1_valist: Digesting 4 bytes
 TPM_SHA1Update: length 4
 TPM_SHA1FinalCmd:
  TPM_SHA1_valist: Digest 3a 3e e9 ad
 TPM_SHA1Delete:
 TPM_SHA1:
 TPM_SHA1_valist:
 TPM_SHA1InitCmd:
  TPM_SHA1_valist: Digesting 20 bytes
 TPM_SHA1Update: length 20
  TPM_SHA1_valist: Digesting 4 bytes
 TPM_SHA1Update: length 4
 TPM_SHA1FinalCmd:
  TPM_SHA1_valist: Digest 02 1a 33 0c
 TPM_SHA1Delete:
 TPM_SHA1:
 TPM_SHA1_valist:
 TPM_SHA1InitCmd:
  TPM_SHA1_valist: Digesting 20 bytes
 TPM_SHA1Update: length 20
  TPM_SHA1_valist: Digesting 4 bytes
 TPM_SHA1Update: length 4
 TPM_SHA1FinalCmd:
  TPM_SHA1_valist: Digest 9a 45 9c ad
 TPM_SHA1Delete:
 TPM_SHA1:
 TPM_SHA1_valist:
 TPM_SHA1InitCmd:
  TPM_SHA1_valist: Digesting 20 bytes
 TPM_SHA1Update: length 20
  TPM_SHA1_valist: Digesting 4 bytes
 TPM_SHA1Update: length 4
 TPM_SHA1FinalCmd:
  TPM_SHA1_valist: Digest 5e 7b 19 3b
 TPM_SHA1Delete:
 TPM_SHA1:
 TPM_SHA1_valist:
 TPM_SHA1InitCmd:
  TPM_SHA1_valist: Digesting 20 bytes
 TPM_SHA1Update: length 20
  TPM_SHA1_valist: Digesting 4 bytes
 TPM_SHA1Update: length 4
 TPM_SHA1FinalCmd:
  TPM_SHA1_valist: Digest 20 d1 69 a8
 TPM_SHA1Delete:
 TPM_SHA1:
 TPM_SHA1_valist:
 TPM_SHA1InitCmd:
  TPM_SHA1_valist: Digesting 20 bytes
 TPM_SHA1Update: length 20
  TPM_SHA1_valist: Digesting 4 bytes
 TPM_SHA1Update: length 4
 TPM_SHA1FinalCmd:
  TPM_SHA1_valist: Digest a9 49 c4 6b
 TPM_SHA1Delete:
 TPM_MGF1: Output length 20
 TPM_SHA1:
 TPM_SHA1_valist:
 TPM_SHA1InitCmd:
  TPM_SHA1_valist: Digesting 236 bytes
 TPM_SHA1Update: length 236
  TPM_SHA1_valist: Digesting 4 bytes
 TPM_SHA1Update: length 4
 TPM_SHA1FinalCmd:
  TPM_SHA1_valist: Digest cc 38 2a cb
 TPM_SHA1Delete:
  TPM_RSA_padding_add_PKCS1_OAEP: em 3c c9 d8 38
 TPM_RSA_padding_check_PKCS1_OAEP: emLen 256 tSize 8
  TPM_RSA_padding_check_PKCS1_OAEP: em 3c c9 d8 38
 TPM_MGF1: Output length 20
 TPM_SHA1:
 TPM_SHA1_valist:
 TPM_SHA1InitCmd:
  TPM_SHA1_valist: Digesting 236 bytes
 TPM_SHA1Update: length 236
  TPM_SHA1_valist: Digesting 4 bytes
 TPM_SHA1Update: length 4
 TPM_SHA1FinalCmd:
  TPM_SHA1_valist: Digest cc 38 2a cb
 TPM_SHA1Delete:
 TPM_MGF1: Output length 236
 TPM_SHA1:
 TPM_SHA1_valist:
 TPM_SHA1InitCmd:
  TPM_SHA1_valist: Digesting 20 bytes
 TPM_SHA1Update: length 20
  TPM_SHA1_valist: Digesting 4 bytes
 TPM_SHA1Update: length 4
 TPM_SHA1FinalCmd:
  TPM_SHA1_valist: Digest f6 ef c5 48
 TPM_SHA1Delete:
 TPM_SHA1:
 TPM_SHA1_valist:
 TPM_SHA1InitCmd:
  TPM_SHA1_valist: Digesting 20 bytes
 TPM_SHA1Update: length 20
  TPM_SHA1_valist: Digesting 4 bytes
 TPM_SHA1Update: length 4
 TPM_SHA1FinalCmd:
  TPM_SHA1_valist: Digest af 40 8c 64
 TPM_SHA1Delete:
 TPM_SHA1:
 TPM_SHA1_valist:
 TPM_SHA1InitCmd:
  TPM_SHA1_valist: Digesting 20 bytes
 TPM_SHA1Update: length 20
  TPM_SHA1_valist: Digesting 4 bytes
 TPM_SHA1Update: length 4
 TPM_SHA1FinalCmd:
  TPM_SHA1_valist: Digest 40 bc 94 e1
 TPM_SHA1Delete:
 TPM_SHA1:
 TPM_SHA1_valist:
 TPM_SHA1InitCmd:
  TPM_SHA1_valist: Digesting 20 bytes
 TPM_SHA1Update: length 20
  TPM_SHA1_valist: Digesting 4 bytes
 TPM_SHA1Update: length 4
 TPM_SHA1FinalCmd:
  TPM_SHA1_valist: Digest b2 15 7d 75
 TPM_SHA1Delete:
 TPM_SHA1:
 TPM_SHA1_valist:
 TPM_SHA1InitCmd:
  TPM_SHA1_valist: Digesting 20 bytes
 TPM_SHA1Update: length 20
  TPM_SHA1_valist: Digesting 4 bytes
 TPM_SHA1Update: length 4
 TPM_SHA1FinalCmd:
  TPM_SHA1_valist: Digest a5 5c ac d9
 TPM_SHA1Delete:
 TPM_SHA1:
 TPM_SHA1_valist:
 TPM_SHA1InitCmd:
  TPM_SHA1_valist: Digesting 20 bytes
 TPM_SHA1Update: length 20
  TPM_SHA1_valist: Digesting 4 bytes
 TPM_SHA1Update: length 4
 TPM_SHA1FinalCmd:
  TPM_SHA1_valist: Digest e6 b7 dc 5e
 TPM_SHA1Delete:
 TPM_SHA1:
 TPM_SHA1_valist:
 TPM_SHA1InitCmd:
  TPM_SHA1_valist: Digesting 20 bytes
 TPM_SHA1Update: length 20
  TPM_SHA1_valist: Digesting 4 bytes
 TPM_SHA1Update: length 4
 TPM_SHA1FinalCmd:
  TPM_SHA1_valist: Digest 3a 3e e9 ad
 TPM_SHA1Delete:
 TPM_SHA1:
 TPM_SHA1_valist:
 TPM_SHA1InitCmd:
  TPM_SHA1_valist: Digesting 20 bytes
 TPM_SHA1Update: length 20
  TPM_SHA1_valist: Digesting 4 bytes
 TPM_SHA1Update: length 4
 TPM_SHA1FinalCmd:
  TPM_SHA1_valist: Digest 02 1a 33 0c
 TPM_SHA1Delete:
 TPM_SHA1:
 TPM_SHA1_valist:
 TPM_SHA1InitCmd:
  TPM_SHA1_valist: Digesting 20 bytes
 TPM_SHA1Update: length 20
  TPM_SHA1_valist: Digesting 4 bytes
 TPM_SHA1Update: length 4
 TPM_SHA1FinalCmd:
  TPM_SHA1_valist: Digest 9a 45 9c ad
 TPM_SHA1Delete:
 TPM_SHA1:
 TPM_SHA1_valist:
 TPM_SHA1InitCmd:
  TPM_SHA1_valist: Digesting 20 bytes
 TPM_SHA1Update: length 20
  TPM_SHA1_valist: Digesting 4 bytes
 TPM_SHA1Update: length 4
 TPM_SHA1FinalCmd:
  TPM_SHA1_valist: Digest 5e 7b 19 3b
 TPM_SHA1Delete:
 TPM_SHA1:
 TPM_SHA1_valist:
 TPM_SHA1InitCmd:
  TPM_SHA1_valist: Digesting 20 bytes
 TPM_SHA1Update: length 20
  TPM_SHA1_valist: Digesting 4 bytes
 TPM_SHA1Update: length 4
 TPM_SHA1FinalCmd:
  TPM_SHA1_valist: Digest 20 d1 69 a8
 TPM_SHA1Delete:
 TPM_SHA1:
 TPM_SHA1_valist:
 TPM_SHA1InitCmd:
  TPM_SHA1_valist: Digesting 20 bytes
 TPM_SHA1Update: length 20
  TPM_SHA1_valist: Digesting 4 bytes
 TPM_SHA1Update: length 4
 TPM_SHA1FinalCmd:
  TPM_SHA1_valist: Digest a9 49 c4 6b
 TPM_SHA1Delete:
  TPM_RSA_padding_check_PKCS1_OAEP: tLen 8 
  TPM_RSA_padding_check_PKCS1_OAEP: to 00 01 02 03
  TPM_RSA_padding_check_PKCS1_OAEP: pHash f7 7d 67 a7
  TPM_RSA_padding_check_PKCS1_OAEP: seed f0 f1 f2 f3
 TPM_CryptoTest: Test 6 - Symmetric key with PKCS pad test
 TPM_SymmetricKeyData_New:
 TPM_SymmetricKeyData_Init:
 TPM_SymmetricKeyData_GenerateKey:
 TPM_Random: Requesting 16 bytes
 TPM_SymmetricKeyData_SetKeys:
  TPM_SymmetricKeyData_SetKeys: userKey f2 c0 58 ab
 TPM_Random: Requesting 64 bytes
 TPM_SymmetricKeyData_Encrypt: Length 64
  TPM_SymmetricKeyData_Encrypt: Padded length 80 pad length 16
  TPM_SymmetricKeyData_Encrypt: Input e7 96 0d 1d
  TPM_SymmetricKeyData_Encrypt: Output 28 22 e4 c0
 TPM_SymmetricKeyData_Decrypt: Length 80
  TPM_SymmetricKeyData_Decrypt: Input 28 22 e4 c0
  TPM_SymmetricKeyData_Decrypt: Output e7 96 0d 1d
 TPM_SymmetricKeyData_Decrypt: Pad length 16
 TPM_CryptoTest: Test 7 - Symmetric key with CTR mode
 TPM_Random: Requesting 20 bytes
 TPM_Random: Requesting 20 bytes
 TPM_Random: Requesting 20 bytes
 TPM_SymmetricKeyData_CtrCrypt: data_size 20
 TPM_SymmetricKeyData_New:
 TPM_SymmetricKeyData_Init:
 TPM_SymmetricKeyData_SetKey:
 TPM_SymmetricKeyData_SetKeys:
  TPM_SymmetricKeyData_SetKeys: userKey a0 43 11 c5
  TPM_SymmetricKeyData_CtrCrypt: Calling AES in CTR mode
  TPM_SymmetricKeyData_CtrCrypt: CTR 67 31 24 ec
  TPM_AES_Ctr128_encrypt:
   TPM_AES_Ctr128_encrypt: data_size 20
   TPM_AES_Ctr128_encrypt: data_size 4
 TPM_SymmetricKeyData_Free:
 TPM_SymmetricKeyData_Init:
 TPM_SymmetricKeyData_CtrCrypt: data_size 20
 TPM_SymmetricKeyData_New:
 TPM_SymmetricKeyData_Init:
 TPM_SymmetricKeyData_SetKey:
 TPM_SymmetricKeyData_SetKeys:
  TPM_SymmetricKeyData_SetKeys: userKey a0 43 11 c5
  TPM_SymmetricKeyData_CtrCrypt: Calling AES in CTR mode
  TPM_SymmetricKeyData_CtrCrypt: CTR 67 31 24 ec
  TPM_AES_Ctr128_encrypt:
   TPM_AES_Ctr128_encrypt: data_size 20
   TPM_AES_Ctr128_encrypt: data_size 4
 TPM_SymmetricKeyData_Free:
 TPM_SymmetricKeyData_Init:
  TPM_Secret_Compare:
 TPM_CryptoTest: Test 8 - Symmetric key with OFB mode
 TPM_Random: Requesting 20 bytes
 TPM_Random: Requesting 20 bytes
 TPM_Random: Requesting 20 bytes
 TPM_SymmetricKeyData_OfbCrypt: data_size 20
 TPM_SymmetricKeyData_New:
 TPM_SymmetricKeyData_Init:
 TPM_SymmetricKeyData_SetKey:
 TPM_SymmetricKeyData_SetKeys:
  TPM_SymmetricKeyData_SetKeys: userKey 1d f6 66 df
  TPM_SymmetricKeyData_OfbCrypt: Calling AES in OFB mode
  TPM_SymmetricKeyData_OfbCrypt: IV 58 cb eb 99
 TPM_SymmetricKeyData_Free:
 TPM_SymmetricKeyData_Init:
 TPM_SymmetricKeyData_OfbCrypt: data_size 20
 TPM_SymmetricKeyData_New:
 TPM_SymmetricKeyData_Init:
 TPM_SymmetricKeyData_SetKey:
 TPM_SymmetricKeyData_SetKeys:
  TPM_SymmetricKeyData_SetKeys: userKey 1d f6 66 df
  TPM_SymmetricKeyData_OfbCrypt: Calling AES in OFB mode
  TPM_SymmetricKeyData_OfbCrypt: IV 58 cb eb 99
 TPM_SymmetricKeyData_Free:
 TPM_SymmetricKeyData_Init:
  TPM_Secret_Compare:
 TPM_CryptoTest: Test 9 - RSA encrypt with OAEP padding
 TPM_RSAGenerateKeyPair:
 TPM_LoadLong:
 TPM_LoadLong: Result 00010001
  TPM_RSAGenerateKeyPair: num_bits 2048 exponent 00010001
   TPM_bn2binMalloc: padBytes 256
   TPM_bn2binArray: size 256
   TPM_bn2binArray: numBytes in bignum 256
   TPM_bn2binMalloc: padBytes 128
   TPM_bn2binArray: size 128
   TPM_bn2binArray: numBytes in bignum 128
   TPM_bn2binMalloc: padBytes 128
   TPM_bn2binArray: size 128
   TPM_bn2binArray: numBytes in bignum 128
   TPM_bn2binMalloc: padBytes 256
   TPM_bn2binArray: size 256
   TPM_bn2binArray: numBytes in bignum 256
  TPM_RSAGenerateKeyPair: length of n,p,q,d = 256 / 128 / 128 / 256
 TPM_RSAPublicEncrypt: Input data size 20
  TPM_RSAPublicEncrypt: RSA_padding_add_PKCS1_OAEP() success
  TPM_RSAPublicEncrypt: Padded data size 256
  TPM_RSAPublicEncrypt: Padded data 00 cc ab 12
  TPM_RSAPublicEncrypt: RSA_public_encrypt() success
 TPM_RSAPrivateDecrypt:
  TPM_RSAPrivateDecrypt: RSA_private_decrypt() success
  TPM_RSAPrivateDecrypt: Padded data size 256
  TPM_RSAPrivateDecrypt: Decrypt padded data 00 cc ab 12
  TPM_RSAPrivateDecrypt: RSA_padding_check_PKCS1_OAEP() recovered 20 bytes
  TPM_RSAPrivateDecrypt: Decrypt data 84 98 3e 44
 TPM_CryptoTest: Test 10 - RSA encrypt with PKCS padding
 TPM_RSAPublicEncrypt: Input data size 20
  TPM_RSAPublicEncrypt: RSA_padding_add_PKCS1_type_2() success
  TPM_RSAPublicEncrypt: Padded data size 256
  TPM_RSAPublicEncrypt: Padded data 00 02 6a b2
  TPM_RSAPublicEncrypt: RSA_public_encrypt() success
 TPM_RSAPrivateDecrypt:
  TPM_RSAPrivateDecrypt: RSA_private_decrypt() success
  TPM_RSAPrivateDecrypt: Padded data size 256
  TPM_RSAPrivateDecrypt: Decrypt padded data 00 02 6a b2
  TPM_RSAPrivateDecrypt: RSA_padding_check_PKCS1_OAEP() recovered 20 bytes
  TPM_RSAPrivateDecrypt: Decrypt data 84 98 3e 44
 TPM_Crypto_TestSpecific: Test 1 - SHA1 two parts
 TPM_Sha1Context_Store: OpenSSL
  TPM_Sha1Context_Store: Storing context
   TPM_Sbuffer_Append: data_length 1, growing from 0 to 1024
 TPM_Sha1Context_Load: OpenSSL
 TPM_Sha1Context_Load: contextPresent 1
 TPM_SymmetricKeyData_Free:
 TPM_SymmetricKeyData_Init:
 TPM_GetTimeOfDay: 1470123497 sec 214742 usec
TPM_MainInit: Initializing global TPM 0
TPM_Global_Init: TPMs 1
TPM_Global_Init: Initializing TPM_PERMANENT_FLAGS
 TPM_PermanentFlags_Init:
TPM_Global_Init: Initializing TPM_STCLEAR_FLAGS
 TPM_StclearFlags_Init:
TPM_Global_Init: Initializing TPM_STANY_FLAGS
 TPM_StanyFlags_Init:
TPM_Global_Init: Initializing TPM_PERMANENT_DATA
 TPM_PermanentData_Init:
  TPM_PermanentData_Init: revMajor 12 revMinor 36
  TPM_PermanentData_Zero:
  TPM_Secret_Init:
  TPM_Nonce_Init:
  TPM_Secret_Init:
  TPM_Secret_Init:
  TPM_Digest_Init:
  TPM_Nonce_Init:
  TPM_Nonce_Init:
 TPM_Pubkey_Init:
 TPM_KeyParms_Init:
 TPM_Key_Init:
 TPM_StructVer_Init:
 TPM_KeyParms_Init:
 TPM_Key_Init:
 TPM_StructVer_Init:
 TPM_KeyParms_Init:
 TPM_SymmetricKeyData_New:
 TPM_SymmetricKeyData_Init:
 TPM_SymmetricKeyData_New:
 TPM_SymmetricKeyData_Init:
 TPM_CounterValue_Init:
  TPM_Secret_Init:
 TPM_CounterValue_Init:
  TPM_Secret_Init:
 TPM_CounterValue_Init:
  TPM_Secret_Init:
 TPM_CounterValue_Init:
  TPM_Secret_Init:
 TPM_CounterValue_Init:
  TPM_Secret_Init:
 TPM_PCRAttributes_Init:
 TPM_OrdinalAuditStatus_Init:
 TPM_OrdinalTable_GetAuditable: Ordinal 0000000d
 TPM_OrdinalTable_GetAuditable: Ordinal 00000010
 TPM_OrdinalTable_GetAuditable: Ordinal 0000001f
 TPM_OrdinalTable_GetAuditable: Ordinal 00000028
 TPM_OrdinalTable_GetAuditable: Ordinal 0000002a
 TPM_OrdinalTable_GetAuditable: Ordinal 0000002b
 TPM_OrdinalTable_GetAuditable: Ordinal 0000002c
 TPM_OrdinalTable_GetAuditable: Ordinal 0000002d
 TPM_OrdinalTable_GetAuditable: Ordinal 0000002e
 TPM_OrdinalTable_GetAuditable: Ordinal 0000002f
 TPM_OrdinalTable_GetAuditable: Ordinal 00000030
 TPM_OrdinalTable_GetAuditable: Ordinal 0000005b
 TPM_OrdinalTable_GetAuditable: Ordinal 0000005c
 TPM_OrdinalTable_GetAuditable: Ordinal 0000005d
 TPM_OrdinalTable_GetAuditable: Ordinal 0000005e
 TPM_OrdinalTable_GetAuditable: Ordinal 0000006e
 TPM_OrdinalTable_GetAuditable: Ordinal 0000006f
 TPM_OrdinalTable_GetAuditable: Ordinal 00000070
 TPM_OrdinalTable_GetAuditable: Ordinal 00000071
 TPM_OrdinalTable_GetAuditable: Ordinal 00000072
 TPM_OrdinalTable_GetAuditable: Ordinal 00000073
 TPM_OrdinalTable_GetAuditable: Ordinal 00000079
 TPM_OrdinalTable_GetAuditable: Ordinal 0000007a
 TPM_OrdinalTable_GetAuditable: Ordinal 0000007c
 TPM_OrdinalTable_GetAuditable: Ordinal 0000007d
 TPM_OrdinalTable_GetAuditable: Ordinal 0000007e
 TPM_OrdinalTable_GetAuditable: Ordinal 0000008d
 TPM_FamilyTable_Init: Qty 8
 TPM_FamilyTableEntry_Init:
 TPM_FamilyTableEntry_Init:
 TPM_FamilyTableEntry_Init:
 TPM_FamilyTableEntry_Init:
 TPM_FamilyTableEntry_Init:
 TPM_FamilyTableEntry_Init:
 TPM_FamilyTableEntry_Init:
 TPM_FamilyTableEntry_Init:
 TPM_DelegateTable_Init: Qty 2
 TPM_DelegateTableRow_Init:
 TPM_DelegatePublic_Init:
 TPM_PCRSelection_Init:
  TPM_Digest_Init:
 TPM_Delegations_Init:
  TPM_Secret_Init:
 TPM_DelegateTableRow_Init:
 TPM_DelegatePublic_Init:
 TPM_PCRSelection_Init:
  TPM_Digest_Init:
 TPM_Delegations_Init:
  TPM_Secret_Init:
 TPM_SymmetricKeyData_New:
 TPM_SymmetricKeyData_Init:
TPM_Global_Init: Initializing TPM_STCLEAR_DATA
 TPM_StclearData_Init:
  TPM_Nonce_Init:
TPM_StclearData_Init: Initializing PCR's
 TPM_PCRs_Init:
  TPM_PCR_Init: pcrIndex 0
  TPM_Digest_Init:
  TPM_PCR_Init: pcrIndex 1
  TPM_Digest_Init:
  TPM_PCR_Init: pcrIndex 2
  TPM_Digest_Init:
  TPM_PCR_Init: pcrIndex 3
  TPM_Digest_Init:
  TPM_PCR_Init: pcrIndex 4
  TPM_Digest_Init:
  TPM_PCR_Init: pcrIndex 5
  TPM_Digest_Init:
  TPM_PCR_Init: pcrIndex 6
  TPM_Digest_Init:
  TPM_PCR_Init: pcrIndex 7
  TPM_Digest_Init:
  TPM_PCR_Init: pcrIndex 8
  TPM_Digest_Init:
  TPM_PCR_Init: pcrIndex 9
  TPM_Digest_Init:
  TPM_PCR_Init: pcrIndex 10
  TPM_Digest_Init:
  TPM_PCR_Init: pcrIndex 11
  TPM_Digest_Init:
  TPM_PCR_Init: pcrIndex 12
  TPM_Digest_Init:
  TPM_PCR_Init: pcrIndex 13
  TPM_Digest_Init:
  TPM_PCR_Init: pcrIndex 14
  TPM_Digest_Init:
  TPM_PCR_Init: pcrIndex 15
  TPM_Digest_Init:
  TPM_PCR_Init: pcrIndex 16
  TPM_Digest_Init:
  TPM_PCR_Init: pcrIndex 17
  TPM_Digest_Set:
  TPM_PCR_Init: pcrIndex 18
  TPM_Digest_Set:
  TPM_PCR_Init: pcrIndex 19
  TPM_Digest_Set:
  TPM_PCR_Init: pcrIndex 20
  TPM_Digest_Set:
  TPM_PCR_Init: pcrIndex 21
  TPM_Digest_Set:
  TPM_PCR_Init: pcrIndex 22
  TPM_Digest_Set:
  TPM_PCR_Init: pcrIndex 23
  TPM_Digest_Init:
 TPM_StclearData_SessionInit:
 TPM_AuthSessions_Init:
 TPM_AuthSessionData_Init:
  TPM_Nonce_Init:
  TPM_Secret_Init:
  TPM_Digest_Init:
 TPM_DelegatePublic_Init:
 TPM_PCRSelection_Init:
  TPM_Digest_Init:
 TPM_Delegations_Init:
 TPM_AuthSessionData_Init:
  TPM_Nonce_Init:
  TPM_Secret_Init:
  TPM_Digest_Init:
 TPM_DelegatePublic_Init:
 TPM_PCRSelection_Init:
  TPM_Digest_Init:
 TPM_Delegations_Init:
 TPM_AuthSessionData_Init:
  TPM_Nonce_Init:
  TPM_Secret_Init:
  TPM_Digest_Init:
 TPM_DelegatePublic_Init:
 TPM_PCRSelection_Init:
  TPM_Digest_Init:
 TPM_Delegations_Init:
 TPM_TransportSessions_Init:
 TPM_TransportInternal_Init:
  TPM_Secret_Init:
 TPM_TransportPublic_Init:
  TPM_Nonce_Init:
  TPM_Digest_Init:
 TPM_TransportInternal_Init:
  TPM_Secret_Init:
 TPM_TransportPublic_Init:
  TPM_Nonce_Init:
  TPM_Digest_Init:
 TPM_TransportInternal_Init:
  TPM_Secret_Init:
 TPM_TransportPublic_Init:
  TPM_Nonce_Init:
  TPM_Digest_Init:
 TPM_DaaSessions_Init:
 TPM_DaaSessionData_Init:
 TPM_DAAIssuer_Init:
  TPM_Digest_Init:
  TPM_Digest_Init:
  TPM_Digest_Init:
  TPM_Digest_Init:
  TPM_Digest_Init:
  TPM_Digest_Init:
 TPM_DAATpm_Init:
  TPM_Digest_Init:
  TPM_Digest_Init:
  TPM_Digest_Init:
  TPM_Digest_Init:
 TPM_DAAContext_Init:
  TPM_Digest_Init:
  TPM_Digest_Init:
  TPM_Nonce_Init:
 TPM_DAAJoindata_Init:
  TPM_Digest_Init:
  TPM_Nonce_Init:
 TPM_ContextList_Init:
  TPM_Digest_Init:
TPM_Global_Init: Initializing TPM_STANY_DATA
 TPM_StanyData_Init:
 TPM_CurrentTicks_Init:
 TPM_Uint64_Init:
  TPM_Nonce_Init:
 TPM_Uint64_Init:
 TPM_CurrentTicks_Start:
 TPM_Uint64_Init:
 TPM_GetTimeOfDay: 1470123497 sec 216325 usec
  TPM_Nonce_Generate:
 TPM_Random: Requesting 20 bytes
TPM_Global_Init: Initializing TPM_KEY_HANDLE_LIST
 TPM_KeyHandleEntries_Init:
TPM_Global_Init: Initializing TPM_NV_INDEX_ENTRIES
 TPM_NVIndexEntries_Init:
  TPM_Global_Init: Set testState to 1 
 TPM_PermanentAll_NVLoad:
 TPM_NVRAM_LoadData: From file permall
 TPM_NVRAM_GetFilenameForName: For name permall
  TPM_NVRAM_GetFilenameForName: File name /opt/tcg/swTPM/tpmdata/6543/00.permall
  TPM_NVRAM_LoadData: Opening file /opt/tcg/swTPM/tpmdata/6543/00.permall
 TPM_NVRAM_LoadData: Reading 1666 bytes of data
 TPM_NVRAM_LoadData: Closing file /opt/tcg/swTPM/tpmdata/6543/00.permall
 TPM_NVRAM_LoadData: Closed file /opt/tcg/swTPM/tpmdata/6543/00.permall
 TPM_PermanentAll_Load:
 TPM_PermanentData_Load:
  TPM_PermanentData_Load: Loading tpmProof
  TPM_Secret_Load:
  TPM_Nonce_Load:
  TPM_PermanentData_Load: Loading ownerAuth 
  TPM_Secret_Load:
  TPM_Secret_Load:
  TPM_Digest_Load:
  TPM_PermanentData_Load: Load manuMaintPub
 TPM_Pubkey_Load:
 TPM_KeyParms_Load:
  TPM_SizedBuffer_Load:
  TPM_SizedBuffer_Load:
  TPM_PermanentData_Load: Load endorsement key
 TPM_Key_LoadClear:
 TPM_Key_LoadPubData:
 TPM_StructVer_Load:
 TPM_StructVer_CheckVer: version 1.1.0.0
 TPM_KeyParms_Load:
  TPM_SizedBuffer_Load:
 TPM_RSAKeyParms_New:
 TPM_RSAKeyParms_Init:
 TPM_RSAKeyParms_Load:
  TPM_SizedBuffer_Load:
  TPM_SizedBuffer_Load:
 TPM_Key_LoadStoreAsymKey:
 TPM_StoreAsymkey_Init:
  TPM_Secret_Init:
  TPM_Secret_Init:
  TPM_Digest_Init:
 TPM_StorePrivkey_Init:
 TPM_StoreAsymkey_Load:
  TPM_Digest_Load:
  TPM_SizedBuffer_Load:
 TPM_StorePrivkey_Convert:
  TPM_StorePrivkey_Convert: p fa ea 85 36
 TPM_KeyParms_GetExponent:
 TPM_KeyParms_GetRSAKeyParms:
 TPM_RSAKeyParms_GetExponent:
 TPM_StoreAsymkey_GetPrimeFactorP:
  TPM_StoreAsymkey_GetPrimeFactorP: fa ea 85 36
 TPM_RSAGetPrivateKey:
   TPM_bn2binMalloc: padBytes 128
   TPM_bn2binArray: size 128
   TPM_bn2binArray: numBytes in bignum 128
  TPM_RSAGetPrivateKey: Calculated q c7 a8 53 92
   TPM_bn2binMalloc: padBytes 256
   TPM_bn2binArray: size 256
   TPM_bn2binArray: numBytes in bignum 256
  TPM_RSAGetPrivateKey: Calculated d 7c c4 33 bb
  TPM_RSAGetPrivateKey: length of n,p,q,d = 256 / 128 / 128 / 256
  TPM_StorePrivkey_Convert: q c7 a8 53 92
  TPM_StorePrivkey_Convert: d 7c c4 33 bb
  TPM_SizedBuffer_Set:
  TPM_SizedBuffer_Set:
  TPM_Key_LoadStoreAsymKey: usageAuth 00 00 00 00
  TPM_PermanentData_Load: Load SRK
 TPM_Key_LoadClear:
 TPM_Key_LoadPubData:
 TPM_StructVer_Load:
 TPM_StructVer_CheckVer: version 1.1.0.0
 TPM_KeyParms_Load:
  TPM_SizedBuffer_Load:
 TPM_RSAKeyParms_New:
 TPM_RSAKeyParms_Init:
 TPM_RSAKeyParms_Load:
  TPM_SizedBuffer_Load:
  TPM_SizedBuffer_Load:
 TPM_PCRInfo_CreateFromBuffer:
  TPM_SizedBuffer_Load:
 TPM_Key_LoadStoreAsymKey:
 TPM_StoreAsymkey_Init:
  TPM_Secret_Init:
  TPM_Secret_Init:
  TPM_Digest_Init:
 TPM_StorePrivkey_Init:
 TPM_StoreAsymkey_Load:
  TPM_Secret_Load:
  TPM_Secret_Load:
  TPM_Digest_Load:
  TPM_SizedBuffer_Load:
 TPM_StorePrivkey_Convert:
  TPM_StorePrivkey_Convert: p e9 67 36 88
 TPM_KeyParms_GetExponent:
 TPM_KeyParms_GetRSAKeyParms:
 TPM_RSAKeyParms_GetExponent:
 TPM_StoreAsymkey_GetPrimeFactorP:
  TPM_StoreAsymkey_GetPrimeFactorP: e9 67 36 88
 TPM_RSAGetPrivateKey:
   TPM_bn2binMalloc: padBytes 128
   TPM_bn2binArray: size 128
   TPM_bn2binArray: numBytes in bignum 128
  TPM_RSAGetPrivateKey: Calculated q e8 9e 05 e5
   TPM_bn2binMalloc: padBytes 256
   TPM_bn2binArray: size 256
   TPM_bn2binArray: numBytes in bignum 256
  TPM_RSAGetPrivateKey: Calculated d 84 f0 67 01
  TPM_RSAGetPrivateKey: length of n,p,q,d = 256 / 128 / 128 / 256
  TPM_StorePrivkey_Convert: q e8 9e 05 e5
  TPM_StorePrivkey_Convert: d 84 f0 67 01
  TPM_SizedBuffer_Set:
  TPM_SizedBuffer_Set:
  TPM_Key_LoadStoreAsymKey: usageAuth bf 96 61 de
  TPM_PermanentData_Load: Load contextKey
 TPM_SymmetricKeyData_Load:
 TPM_SymmetricKeyData_SetKeys:
  TPM_SymmetricKeyData_SetKeys: userKey 27 18 ef 85
  TPM_PermanentData_Load: Load delegateKey
 TPM_SymmetricKeyData_Load:
 TPM_SymmetricKeyData_SetKeys:
  TPM_SymmetricKeyData_SetKeys: userKey 74 0f 29 0e
 TPM_CounterValue_Load:
  TPM_Secret_Load:
 TPM_CounterValue_Load:
  TPM_Secret_Load:
 TPM_CounterValue_Load:
  TPM_Secret_Load:
 TPM_CounterValue_Load:
  TPM_Secret_Load:
 TPM_CounterValue_Load:
  TPM_Secret_Load:
 TPM_PCRAttributes_Init:
  TPM_PermanentData_Load: Load ordinalAuditStatus
 TPM_FamilyTable_Load: Qty 8
 TPM_FamilyTableEntry_Load:
  TPM_FamilyTableEntry_Load: label 00 familyID 00000000 valid 0
 TPM_FamilyTableEntry_Load:
  TPM_FamilyTableEntry_Load: label 00 familyID 00000000 valid 0
 TPM_FamilyTableEntry_Load:
  TPM_FamilyTableEntry_Load: label 00 familyID 00000000 valid 0
 TPM_FamilyTableEntry_Load:
  TPM_FamilyTableEntry_Load: label 00 familyID 00000000 valid 0
 TPM_FamilyTableEntry_Load:
  TPM_FamilyTableEntry_Load: label 00 familyID 00000000 valid 0
 TPM_FamilyTableEntry_Load:
  TPM_FamilyTableEntry_Load: label 00 familyID 00000000 valid 0
 TPM_FamilyTableEntry_Load:
  TPM_FamilyTableEntry_Load: label 00 familyID 00000000 valid 0
 TPM_FamilyTableEntry_Load:
  TPM_FamilyTableEntry_Load: label 00 familyID 00000000 valid 0
 TPM_DelegateTable_Load: Qty 2
 TPM_DelegateTableRow_Load:
 TPM_DelegatePublic_Load:
 TPM_PCRInfoShort_Load:
 TPM_PCRSelection_Load:
 TPM_LocalitySelection_CheckLegal: TPM_LOCALITY_SELECTION 1f
  TPM_Digest_Load:
 TPM_Delegations_Load:
  TPM_Secret_Load:
 TPM_DelegateTableRow_Load:
 TPM_DelegatePublic_Load:
 TPM_PCRInfoShort_Load:
 TPM_PCRSelection_Load:
 TPM_LocalitySelection_CheckLegal: TPM_LOCALITY_SELECTION 1f
  TPM_Digest_Load:
 TPM_Delegations_Load:
  TPM_Secret_Load:
  TPM_Nonce_Load:
  TPM_Nonce_Load:
  TPM_PermanentData_Load: Loading DAA Blob key
 TPM_SymmetricKeyData_Load:
 TPM_SymmetricKeyData_SetKeys:
  TPM_SymmetricKeyData_SetKeys: userKey 0c 6d f3 2d
 TPM_PermanentFlags_Load:
 TPM_PermanentFlags_LoadBitmap:
 TPM_KeyHandleEntries_OwnerEvictLoad:
  TPM_KeyHandleEntries_OwnerEvictLoad: Count 0
 TPM_NVIndexEntries_Load:
  TPM_PermanentAll_Load: Checking integrity digest
 TPM_SHA1_Check:
 TPM_SHA1_valist:
 TPM_SHA1InitCmd:
  TPM_SHA1_valist: Digesting 1646 bytes
 TPM_SHA1Update: length 1646
 TPM_SHA1FinalCmd:
  TPM_SHA1_valist: Digest e7 b3 e7 4f
 TPM_SHA1Delete:
  TPM_Digest_Compare:
TPM_MainInit: Creating global TPM instance 0
TPM_MainInit: Run limited self tests on TPM 0
 TPM_LimitedSelfTestTPM:
 TPM_Key_CheckPubDataDigest:
 TPM_Key_StorePubData:
 TPM_StructVer_Store:
   TPM_Sbuffer_Append: data_length 1, growing from 0 to 1024
 TPM_KeyParms_Store:
  TPM_SizedBuffer_SetStructure:
 TPM_RSAKeyParms_Store:
   TPM_Sbuffer_Append: data_length 4, growing from 0 to 1024
  TPM_SizedBuffer_Store:
  TPM_SizedBuffer_Set:
  TPM_SizedBuffer_Store:
  TPM_SizedBuffer_SetStructure:
  TPM_SizedBuffer_Set:
  TPM_SizedBuffer_Delete:
  TPM_SizedBuffer_Store:
  TPM_SizedBuffer_Store:
 TPM_Key_GetStoreAsymkey:
 TPM_SHA1Sbuffer:
  TPM_SHA1Sbuffer: input 01 01 00 00
 TPM_SHA1:
 TPM_SHA1_valist:
 TPM_SHA1InitCmd:
  TPM_SHA1_valist: Digesting 299 bytes
 TPM_SHA1Update: length 299
 TPM_SHA1FinalCmd:
  TPM_SHA1_valist: Digest 4d 18 67 2c
 TPM_SHA1Delete:
  TPM_Digest_Compare:
  TPM_Nonce_Generate:
 TPM_Random: Requesting 20 bytes
 TPM_RSAPublicEncrypt_Key: Data size 20 bytes
 TPM_Key_GetPublicKey:
 TPM_Key_GetExponent:
 TPM_KeyParms_GetExponent:
 TPM_KeyParms_GetRSAKeyParms:
 TPM_RSAKeyParms_GetExponent:
 TPM_RSAPublicEncrypt_Common: Data size 20 bytes
 TPM_RSAPublicEncrypt_Common: Decrypt data 35 3b 26 24
 TPM_RSAPublicEncrypt_Common: Public key c3 b1 49 5e
 TPM_RSAPublicEncrypt_Common: Exponent 01 00 01
 TPM_RSAPublicEncrypt: Input data size 20
  TPM_RSAPublicEncrypt: RSA_padding_add_PKCS1_OAEP() success
  TPM_RSAPublicEncrypt: Padded data size 256
  TPM_RSAPublicEncrypt: Padded data 00 2f 3b b4
  TPM_RSAPublicEncrypt: RSA_public_encrypt() success
  TPM_RSAPublicEncrypt_Common: Encrypt data size 256
 TPM_RSAPublicEncrypt_Common: Encrypt data 14 a4 4c 19
  TPM_SizedBuffer_Set:
 TPM_RSAPrivateDecryptH: Data size 256 bytes
  TPM_RSAPrivateDecryptH: Encrypt data 14 a4 4c 19
 TPM_Key_GetPublicKey:
 TPM_Key_GetPrivateKey:
 TPM_Key_GetStoreAsymkey:
 TPM_Key_GetExponent:
 TPM_KeyParms_GetExponent:
 TPM_KeyParms_GetRSAKeyParms:
 TPM_RSAKeyParms_GetExponent:
  TPM_RSAPrivateDecryptH: Public key length 256
  TPM_RSAPrivateDecryptH: Private key length 256
  TPM_RSAPrivateDecryptH: Public key c3 b1 49 5e
  TPM_RSAPrivateDecryptH: Exponent 01 00 01
  TPM_RSAPrivateDecryptH: Private key 7c c4 33 bb
 TPM_RSAPrivateDecrypt:
  TPM_RSAPrivateDecrypt: RSA_private_decrypt() success
  TPM_RSAPrivateDecrypt: Padded data size 256
  TPM_RSAPrivateDecrypt: Decrypt padded data 00 2f 3b b4
  TPM_RSAPrivateDecrypt: RSA_padding_check_PKCS1_OAEP() recovered 20 bytes
  TPM_RSAPrivateDecrypt: Decrypt data 35 3b 26 24
 TPM_RSAPrivateDecryptH: Decrypt data 35 3b 26 24
  TPM_Nonce_Compare:
  TPM_SizedBuffer_Delete:
  TPM_LimitedSelfTestTPM: Set testState to 1 
 TPM_Global_Delete:
mainLoop:
TPM_IO_Connect: Waiting for connections on port 6543

 TPM_IO_Connect: Accepting connection from port 6543 ...
  TPM_IO_ReadBytes: Reading 6 bytes
  TPM_IO_Read: through paramSize length 6
 00 C1 00 00 00 0C 
  TPM_IO_ReadBytes: Reading 6 bytes
 TPM_IO_Read: length 12
 00 C1 00 00 00 0C 00 00 00 99 00 01 
 TPM_Process_GetCommandParams:
  TPM_Process_GetCommandParams: tag 00c1 paramSize 12 ordinal 00000099
 TPM_Process_Preprocess: Ordinal 00000099
  TPM_IO_GetLocality: localityModifier 0
 TPM_LocalityModifier_CheckLegal: TPM_MODIFIER_INDICATOR 00000000
TPM_KeyHandleEntries_Trace: 0 handle 00000000 tpm_key (nil)
TPM_KeyHandleEntries_Trace: 1 handle 00000000 tpm_key (nil)
TPM_KeyHandleEntries_Trace: 2 handle 00000000 tpm_key (nil)
 TPM_OrdinalTable_GetProcessFunction: Ordinal 00000099
TPM_Process_Startup: Ordinal Entry
 TPM_GetInParamDigest:
  TPM_GetInParamDigest: transportEncrypt 00
TPM_Startup_Clear:
 TPM_NVIndexEntries_StClear: Clearing 0 slots
 TPM_StanyFlags_Init:
 TPM_SaveState_NVDelete:
 TPM_NVRAM_DeleteName: Name savestate
 TPM_NVRAM_GetFilenameForName: For name savestate
  TPM_NVRAM_GetFilenameForName: File name /opt/tcg/swTPM/tpmdata/6543/00.savestate
TPM_Process_Startup: Ordinal returnCode 00000000 0
 TPM_Sbuffer_StoreInitialResponse: returnCode 00000000
   TPM_Sbuffer_Append: data_length 2, growing from 0 to 1024
 TPM_GetOutParamDigest:
 TPM_Sbuffer_StoreFinalResponse: returnCode 00000000
TPM_KeyHandleEntries_Trace: 0 handle 00000000 tpm_key (nil)
TPM_KeyHandleEntries_Trace: 1 handle 00000000 tpm_key (nil)
TPM_KeyHandleEntries_Trace: 2 handle 00000000 tpm_key (nil)
TPM_State_Trace: disable 0 p_deactive 0 v_deactive 0 owned 1 state 1
   TPM_Sbuffer_Append: data_length 10, growing from 0 to 1024
 TPM_IO_Write: length 10
 00 C4 00 00 00 0A 00 00 00 00 
TPM_IO_Connect: Waiting for connections on port 6543

 TPM_IO_Connect: Accepting connection from port 6543 ...
  TPM_IO_ReadBytes: Reading 6 bytes
  TPM_IO_Read: through paramSize length 6
 00 C1 00 00 00 16 
  TPM_IO_ReadBytes: Reading 16 bytes
 TPM_IO_Read: length 22
 00 C1 00 00 00 16 00 00 00 65 00 00 00 04 00 00 
 00 04 00 00 01 08 
 TPM_Process_GetCommandParams:
  TPM_Process_GetCommandParams: tag 00c1 paramSize 22 ordinal 00000065
 TPM_Process_Preprocess: Ordinal 00000065
  TPM_IO_GetLocality: localityModifier 0
 TPM_LocalityModifier_CheckLegal: TPM_MODIFIER_INDICATOR 00000000
TPM_KeyHandleEntries_Trace: 0 handle 00000000 tpm_key (nil)
TPM_KeyHandleEntries_Trace: 1 handle 00000000 tpm_key (nil)
TPM_KeyHandleEntries_Trace: 2 handle 00000000 tpm_key (nil)
 TPM_OrdinalTable_GetProcessFunction: Ordinal 00000065
TPM_Process_GetCapability: Ordinal Entry
TPM_Process_GetCapability: capArea 00000004
  TPM_SizedBuffer_Load:
 TPM_GetSubCapInt: subCap 00000108
 TPM_GetInParamDigest:
  TPM_GetInParamDigest: transportEncrypt 00
 TPM_CheckState: Check map 00000020
TPM_Process_GetCapability: Limited operation, run self-test
 TPM_ContinueSelfTestCmd:
  TPM_ContinueSelfTestCmd: Set testState to 2 
TPM_Process_GetCapability: capArea 00000004 subCap32 subCap16 00000108 0000
 TPM_GetCapabilityCommon: capArea 00000004
 TPM_GetCapability_CapFlag: capFlag 00000108
  TPM_GetCapability_CapFlag: TPM_CAP_FLAG_PERMANENT
 TPM_PermanentFlags_StoreBytes:
   TPM_Sbuffer_Append: data_length 2, growing from 0 to 1024
TPM_Process_GetCapability: Ordinal returnCode 00000000 0
 TPM_Sbuffer_StoreInitialResponse: returnCode 00000000
 TPM_GetOutParamDigest:
 TPM_Sbuffer_StoreFinalResponse: returnCode 00000000
  TPM_SizedBuffer_Delete:
TPM_KeyHandleEntries_Trace: 0 handle 00000000 tpm_key (nil)
TPM_KeyHandleEntries_Trace: 1 handle 00000000 tpm_key (nil)
TPM_KeyHandleEntries_Trace: 2 handle 00000000 tpm_key (nil)
TPM_State_Trace: disable 0 p_deactive 0 v_deactive 0 owned 1 state 2
 TPM_IO_Write: length 36
 00 C4 00 00 00 24 00 00 00 00 00 00 00 16 00 1F 
 00 01 00 00 00 01 00 00 01 01 00 00 00 00 00 00 
 00 00 00 00 
TPM_IO_Connect: Waiting for connections on port 6543

 TPM_IO_Connect: Accepting connection from port 6543 ...
  TPM_IO_ReadBytes: Reading 6 bytes
  TPM_IO_Read: through paramSize length 6
 00 C1 00 00 00 0C 
  TPM_IO_ReadBytes: Reading 6 bytes
 TPM_IO_Read: length 12
 00 C1 00 00 00 0C 40 00 00 0A 00 08 
 TPM_Process_GetCommandParams:
  TPM_Process_GetCommandParams: tag 00c1 paramSize 12 ordinal 4000000a
 TPM_Process_Preprocess: Ordinal 4000000a
  TPM_IO_GetLocality: localityModifier 0
 TPM_LocalityModifier_CheckLegal: TPM_MODIFIER_INDICATOR 00000000
TPM_KeyHandleEntries_Trace: 0 handle 00000000 tpm_key (nil)
TPM_KeyHandleEntries_Trace: 1 handle 00000000 tpm_key (nil)
TPM_KeyHandleEntries_Trace: 2 handle 00000000 tpm_key (nil)
 TPM_OrdinalTable_GetProcessFunction: Ordinal 4000000a
TPM_Process_PhysicalPresence: Ordinal Entry
 TPM_GetInParamDigest:
  TPM_GetInParamDigest: transportEncrypt 00
TPM_Process_PhysicalPresence: physicalPresence parameter 0008
 TPM_CheckState: Check map 00000021
TPM_Process_PhysicalPresence: a1 0000 a2 0008
TPM_Process_PhysicalPresence: Setting physicalPresence TRUE
 TPM_PermanentAll_NVStore: write flag 0
TPM_Process_PhysicalPresence: Ordinal returnCode 00000000 0
 TPM_Sbuffer_StoreInitialResponse: returnCode 00000000
 TPM_GetOutParamDigest:
 TPM_Sbuffer_StoreFinalResponse: returnCode 00000000
TPM_KeyHandleEntries_Trace: 0 handle 00000000 tpm_key (nil)
TPM_KeyHandleEntries_Trace: 1 handle 00000000 tpm_key (nil)
TPM_KeyHandleEntries_Trace: 2 handle 00000000 tpm_key (nil)
TPM_State_Trace: disable 0 p_deactive 0 v_deactive 0 owned 1 state 2
 TPM_IO_Write: length 10
 00 C4 00 00 00 0A 00 00 00 00 
TPM_IO_Connect: Waiting for connections on port 6543

 TPM_IO_Connect: Accepting connection from port 6543 ...
  TPM_IO_ReadBytes: Reading 6 bytes
  TPM_IO_Read: through paramSize length 6
 00 C1 00 00 00 0A 
  TPM_IO_ReadBytes: Reading 4 bytes
 TPM_IO_Read: length 10
 00 C1 00 00 00 0A 00 00 00 6F 
 TPM_Process_GetCommandParams:
  TPM_Process_GetCommandParams: tag 00c1 paramSize 10 ordinal 0000006f
 TPM_Process_Preprocess: Ordinal 0000006f
  TPM_IO_GetLocality: localityModifier 0
 TPM_LocalityModifier_CheckLegal: TPM_MODIFIER_INDICATOR 00000000
TPM_KeyHandleEntries_Trace: 0 handle 00000000 tpm_key (nil)
TPM_KeyHandleEntries_Trace: 1 handle 00000000 tpm_key (nil)
TPM_KeyHandleEntries_Trace: 2 handle 00000000 tpm_key (nil)
 TPM_OrdinalTable_GetProcessFunction: Ordinal 0000006f
TPM_Process_PhysicalEnable: Ordinal Entry
 TPM_GetInParamDigest:
  TPM_GetInParamDigest: transportEncrypt 00
  TPM_OrdinalAuditStatus_GetAuditStatus: ordinal 0000006f status 80
 TPM_SHA1:
 TPM_SHA1_valist:
 TPM_SHA1InitCmd:
  TPM_SHA1_valist: Digesting 4 bytes
 TPM_SHA1Update: length 4
 TPM_SHA1FinalCmd:
  TPM_SHA1_valist: Digest e2 3b bb 85
 TPM_SHA1Delete:
  TPM_GetInParamDigest: inParamDigest e2 3b bb 85
 TPM_CheckState: Check map 00000021
  TPM_Global_GetPhysicalPresence: physicalPresence flag is 01
TPM_Process_PhysicalEnable: Setting disable to FALSE
 TPM_PermanentAll_NVStore: write flag 0
TPM_Process_PhysicalEnable: Ordinal returnCode 00000000 0
 TPM_Sbuffer_StoreInitialResponse: returnCode 00000000
 TPM_GetOutParamDigest:
 TPM_SHA1:
 TPM_SHA1_valist:
 TPM_SHA1InitCmd:
  TPM_SHA1_valist: Digesting 4 bytes
 TPM_SHA1Update: length 4
  TPM_SHA1_valist: Digesting 4 bytes
 TPM_SHA1Update: length 4
 TPM_SHA1FinalCmd:
  TPM_SHA1_valist: Digest 6d 55 85 ba
 TPM_SHA1Delete:
  TPM_GetOutParamDigest: outParamDigest 6d 55 85 ba
 TPM_ProcessAudit:
  TPM_Digest_IsZero:
  TPM_ProcessAudit: Incrementing auditMonotonicCounter to 45
 TPM_PermanentAll_NVStore: write flag 1
 TPM_PermanentAll_Store:
   TPM_Sbuffer_Append: data_length 2, growing from 0 to 1024
 TPM_PermanentData_Store:
  TPM_Secret_Store:
  TPM_Nonce_Store:
  TPM_Secret_Store:
  TPM_Secret_Store:
  TPM_Digest_Store:
 TPM_Pubkey_Store:
 TPM_KeyParms_Store:
  TPM_SizedBuffer_Store:
  TPM_SizedBuffer_Store:
 TPM_Key_StoreClear:
 TPM_Key_StorePubData:
 TPM_StructVer_Store:
 TPM_KeyParms_Store:
  TPM_SizedBuffer_SetStructure:
 TPM_RSAKeyParms_Store:
   TPM_Sbuffer_Append: data_length 4, growing from 0 to 1024
  TPM_SizedBuffer_Store:
  TPM_SizedBuffer_Set:
  TPM_SizedBuffer_Store:
  TPM_SizedBuffer_Store:
 TPM_StoreAsymkey_Store:
  TPM_Digest_Store:
   TPM_Sbuffer_Append: data_length 20, growing from 0 to 1024
 TPM_StorePrivkey_Store:
  TPM_StorePrivkey_Store: p fa ea 85 36
  TPM_SizedBuffer_Store:
 TPM_Key_StoreClear:
 TPM_Key_StorePubData:
 TPM_StructVer_Store:
 TPM_KeyParms_Store:
  TPM_SizedBuffer_SetStructure:
 TPM_RSAKeyParms_Store:
   TPM_Sbuffer_Append: data_length 4, growing from 0 to 1024
  TPM_SizedBuffer_Store:
  TPM_SizedBuffer_Set:
  TPM_SizedBuffer_Store:
  TPM_SizedBuffer_SetStructure:
  TPM_SizedBuffer_Set:
  TPM_SizedBuffer_Delete:
  TPM_SizedBuffer_Store:
  TPM_SizedBuffer_Store:
 TPM_StoreAsymkey_Store:
   TPM_Sbuffer_Append: data_length 1, growing from 0 to 1024
  TPM_Secret_Store:
  TPM_Secret_Store:
  TPM_Digest_Store:
 TPM_StorePrivkey_Store:
  TPM_StorePrivkey_Store: p e9 67 36 88
  TPM_SizedBuffer_Store:
   TPM_Sbuffer_Append: data_length 193, growing from 1024 to 2048
 TPM_SymmetricKeyData_Store:
 TPM_SymmetricKeyData_Store:
 TPM_CounterValue_Store:
 TPM_CounterValue_StorePublic:
  TPM_Secret_Store:
 TPM_CounterValue_Store:
 TPM_CounterValue_StorePublic:
  TPM_Secret_Store:
 TPM_CounterValue_Store:
 TPM_CounterValue_StorePublic:
  TPM_Secret_Store:
 TPM_CounterValue_Store:
 TPM_CounterValue_StorePublic:
  TPM_Secret_Store:
 TPM_CounterValue_Store:
 TPM_CounterValue_StorePublic:
  TPM_Secret_Store:
 TPM_FamilyTable_Store: Qty 8
 TPM_FamilyTableEntry_Store:
 TPM_FamilyTableEntry_StorePublic:
 TPM_FamilyTableEntry_Store:
 TPM_FamilyTableEntry_StorePublic:
 TPM_FamilyTableEntry_Store:
 TPM_FamilyTableEntry_StorePublic:
 TPM_FamilyTableEntry_Store:
 TPM_FamilyTableEntry_StorePublic:
 TPM_FamilyTableEntry_Store:
 TPM_FamilyTableEntry_StorePublic:
 TPM_FamilyTableEntry_Store:
 TPM_FamilyTableEntry_StorePublic:
 TPM_FamilyTableEntry_Store:
 TPM_FamilyTableEntry_StorePublic:
 TPM_FamilyTableEntry_Store:
 TPM_FamilyTableEntry_StorePublic:
 TPM_DelegateTable_Store: Qty 2
 TPM_DelegateTableRow_Store:
 TPM_DelegatePublic_Store:
 TPM_PCRInfoShort_Store:
 TPM_PCRSelection_Store:
  TPM_Digest_Store:
 TPM_Delegations_Store:
  TPM_Secret_Store:
 TPM_DelegateTableRow_Store:
 TPM_DelegatePublic_Store:
 TPM_PCRInfoShort_Store:
 TPM_PCRSelection_Store:
  TPM_Digest_Store:
 TPM_Delegations_Store:
  TPM_Secret_Store:
  TPM_Nonce_Store:
  TPM_Nonce_Store:
 TPM_SymmetricKeyData_Store:
 TPM_PermanentFlags_Store:
 TPM_PermanentFlags_StoreBitmap:
 TPM_KeyHandleEntries_OwnerEvictStore:
 TPM_KeyHandleEntries_OwnerEvictGetCount:
  TPM_KeyHandleEntries_OwnerEvictGetCount: Count 0
 TPM_NVIndexEntries_Store: Storing from 0 slots
 TPM_NVIndexEntries_GetUsedCount: Used count 0 in 0 slots
 TPM_SHA1:
 TPM_SHA1_valist:
 TPM_SHA1InitCmd:
  TPM_SHA1_valist: Digesting 1646 bytes
 TPM_SHA1Update: length 1646
 TPM_SHA1FinalCmd:
  TPM_SHA1_valist: Digest bd f6 1a 74
 TPM_SHA1Delete:
 TPM_PermanentAll_Store: Appending integrity digest
   TPM_PermanentAll_NVStore: Require 1666 bytes
 TPM_NVRAM_StoreData: To name permall
 TPM_NVRAM_GetFilenameForName: For name permall
  TPM_NVRAM_GetFilenameForName: File name /opt/tcg/swTPM/tpmdata/6543/00.permall
 TPM_NVRAM_StoreData: Opening file /opt/tcg/swTPM/tpmdata/6543/00.permall
TPM_NVRAM_StoreData: Error (fatal) opening /opt/tcg/swTPM/tpmdata/6543/00.permall for write failed, Permission denied
TPM_PermanentAll_NVStore: Error (fatal), NV structure in-memory caches are in invalid state
 TPM_Sbuffer_StoreFinalResponse: returnCode 00000031
TPM_KeyHandleEntries_Trace: 0 handle 00000000 tpm_key (nil)
TPM_KeyHandleEntries_Trace: 1 handle 00000000 tpm_key (nil)
TPM_KeyHandleEntries_Trace: 2 handle 00000000 tpm_key (nil)
TPM_State_Trace: disable 0 p_deactive 0 v_deactive 0 owned 1 state 3
 TPM_IO_Write: length 10
 00 C4 00 00 00 0A 00 00 00 31 
TPM_IO_Connect: Waiting for connections on port 6543

 TPM_IO_Connect: Accepting connection from port 6543 ...
  TPM_IO_ReadBytes: Reading 6 bytes
TPM_IO_ReadBytes: Error, read EOF, read 0 bytes
TPM_IO_Connect: Waiting for connections on port 6543

 TPM_IO_Connect: Accepting connection from port 6543 ...
  TPM_IO_ReadBytes: Reading 6 bytes
  TPM_IO_Read: through paramSize length 6
 00 C1 00 00 00 12 
  TPM_IO_ReadBytes: Reading 12 bytes
 TPM_IO_Read: length 18
 00 C1 00 00 00 12 00 00 00 65 00 00 00 1A 00 00 
 00 00 
 TPM_Process_GetCommandParams:
  TPM_Process_GetCommandParams: tag 00c1 paramSize 18 ordinal 00000065
 TPM_Process_Preprocess: Ordinal 00000065
  TPM_IO_GetLocality: localityModifier 0
 TPM_LocalityModifier_CheckLegal: TPM_MODIFIER_INDICATOR 00000000
TPM_KeyHandleEntries_Trace: 0 handle 00000000 tpm_key (nil)
TPM_KeyHandleEntries_Trace: 1 handle 00000000 tpm_key (nil)
TPM_KeyHandleEntries_Trace: 2 handle 00000000 tpm_key (nil)
 TPM_OrdinalTable_GetProcessFunction: Ordinal 00000065
TPM_Process_GetCapability: Ordinal Entry
TPM_Process_GetCapability: capArea 0000001a
  TPM_SizedBuffer_Load:
 TPM_GetInParamDigest:
  TPM_GetInParamDigest: transportEncrypt 00
 TPM_CheckState: Check map 00000020
TPM_Process_GetCapability: capArea 0000001a subCap32 subCap16 00000000 0000
 TPM_GetCapabilityCommon: capArea 0000001a
 TPM_GetCapability_CapVersionVal:
 TPM_CapVersionInfo_Set:
 TPM_Version_Set:
  TPM_GetCapability_CapVersionVal: specLevel 0002
  TPM_GetCapability_CapVersionVal: errataRev 03
  TPM_GetCapability_CapVersionVal: revMajor 12 revMinor 36
  TPM_GetCapability_CapVersionVal: tpmVendorID 49 42 4d 00
 TPM_CapVersionInfo_Store:
   TPM_Sbuffer_Append: data_length 2, growing from 0 to 1024
 TPM_Version_Store:
 TPM_CapVersionInfo_Delete:
 TPM_CapVersionInfo_Init:
 TPM_Version_Init:
TPM_Process_GetCapability: Ordinal returnCode 00000000 0
 TPM_Sbuffer_StoreInitialResponse: returnCode 00000000
 TPM_GetOutParamDigest:
 TPM_Sbuffer_StoreFinalResponse: returnCode 00000000
  TPM_SizedBuffer_Delete:
TPM_KeyHandleEntries_Trace: 0 handle 00000000 tpm_key (nil)
TPM_KeyHandleEntries_Trace: 1 handle 00000000 tpm_key (nil)
TPM_KeyHandleEntries_Trace: 2 handle 00000000 tpm_key (nil)
TPM_State_Trace: disable 0 p_deactive 0 v_deactive 0 owned 1 state 3
 TPM_IO_Write: length 29
 00 C4 00 00 00 1D 00 00 00 00 00 00 00 0F 00 30 
 01 02 12 36 00 02 03 49 42 4D 00 00 00 
TPM_IO_Connect: Waiting for connections on port 6543

 TPM_IO_Connect: Accepting connection from port 6543 ...
  TPM_IO_ReadBytes: Reading 6 bytes
  TPM_IO_Read: through paramSize length 6
 00 C1 00 00 00 16 
  TPM_IO_ReadBytes: Reading 16 bytes
 TPM_IO_Read: length 22
 00 C1 00 00 00 16 00 00 00 65 00 00 00 01 00 00 
 00 04 00 00 00 B4 
 TPM_Process_GetCommandParams:
  TPM_Process_GetCommandParams: tag 00c1 paramSize 22 ordinal 00000065
 TPM_Process_Preprocess: Ordinal 00000065
  TPM_IO_GetLocality: localityModifier 0
 TPM_LocalityModifier_CheckLegal: TPM_MODIFIER_INDICATOR 00000000
TPM_KeyHandleEntries_Trace: 0 handle 00000000 tpm_key (nil)
TPM_KeyHandleEntries_Trace: 1 handle 00000000 tpm_key (nil)
TPM_KeyHandleEntries_Trace: 2 handle 00000000 tpm_key (nil)
 TPM_OrdinalTable_GetProcessFunction: Ordinal 00000065
TPM_Process_GetCapability: Ordinal Entry
TPM_Process_GetCapability: capArea 00000001
  TPM_SizedBuffer_Load:
 TPM_GetSubCapInt: subCap 000000b4
 TPM_GetInParamDigest:
  TPM_GetInParamDigest: transportEncrypt 00
 TPM_CheckState: Check map 00000020
TPM_Process_GetCapability: Error, shutdown capArea 00000001 subCap 000000b4
TPM_Process_GetCapability: Ordinal returnCode 0000001c 28
 TPM_Sbuffer_StoreInitialResponse: returnCode 0000001c
 TPM_Sbuffer_StoreFinalResponse: returnCode 0000001c
  TPM_SizedBuffer_Delete:
TPM_KeyHandleEntries_Trace: 0 handle 00000000 tpm_key (nil)
TPM_KeyHandleEntries_Trace: 1 handle 00000000 tpm_key (nil)
TPM_KeyHandleEntries_Trace: 2 handle 00000000 tpm_key (nil)
TPM_State_Trace: disable 0 p_deactive 0 v_deactive 0 owned 1 state 3
 TPM_IO_Write: length 10
 00 C4 00 00 00 0A 00 00 00 1C 
TPM_IO_Connect: Waiting for connections on port 6543
